Using device: cuda:0
Loading datasets...
Initializing AdaPatch for horizon 3...
Starting global training...
Epoch: 1 | Train Loss: 0.00317 Vali Loss: 0.00018 Test Loss: 0.05840 | Time: 78.16s
Validation loss decreased (inf --> 0.000184).  Saving model ...
Updating learning rate to 0.0001
Epoch: 2 | Train Loss: 0.00157 Vali Loss: 0.00018 Test Loss: 0.06106 | Time: 77.87s
Validation loss decreased (0.000184 --> 0.000182).  Saving model ...
Updating learning rate to 0.0001
Epoch: 3 | Train Loss: 0.00117 Vali Loss: 0.00018 Test Loss: 0.06182 | Time: 79.12s
Validation loss decreased (0.000182 --> 0.000181).  Saving model ...
Updating learning rate to 0.0001
Epoch: 4 | Train Loss: 0.00100 Vali Loss: 0.00018 Test Loss: 0.05933 | Time: 80.35s
Validation loss decreased (0.000181 --> 0.000180).  Saving model ...
Updating learning rate to 9e-05
Epoch: 5 | Train Loss: 0.00097 Vali Loss: 0.00018 Test Loss: 0.05892 | Time: 79.28s
EarlyStopping counter: 1 out of 10
Updating learning rate to 8.1e-05
Epoch: 6 | Train Loss: 0.00091 Vali Loss: 0.00018 Test Loss: 0.05872 | Time: 79.65s
EarlyStopping counter: 2 out of 10
Updating learning rate to 7.290000000000001e-05
Epoch: 7 | Train Loss: 0.00088 Vali Loss: 0.00018 Test Loss: 0.06188 | Time: 80.63s
Validation loss decreased (0.000180 --> 0.000180).  Saving model ...
Updating learning rate to 6.561e-05
Epoch: 8 | Train Loss: 0.00090 Vali Loss: 0.00018 Test Loss: 0.06328 | Time: 83.45s
EarlyStopping counter: 1 out of 10
Updating learning rate to 5.904900000000001e-05
Epoch: 9 | Train Loss: 0.00087 Vali Loss: 0.00018 Test Loss: 0.06189 | Time: 82.19s
EarlyStopping counter: 2 out of 10
Updating learning rate to 5.3144100000000005e-05
Epoch: 10 | Train Loss: 0.00087 Vali Loss: 0.00018 Test Loss: 0.06082 | Time: 80.99s
EarlyStopping counter: 3 out of 10
Updating learning rate to 4.782969000000001e-05
Epoch: 11 | Train Loss: 0.00087 Vali Loss: 0.00018 Test Loss: 0.06137 | Time: 81.99s
EarlyStopping counter: 4 out of 10
Updating learning rate to 4.304672100000001e-05
Epoch: 12 | Train Loss: 0.00086 Vali Loss: 0.00018 Test Loss: 0.06476 | Time: 81.88s
EarlyStopping counter: 5 out of 10
Updating learning rate to 3.874204890000001e-05
Epoch: 13 | Train Loss: 0.00088 Vali Loss: 0.00018 Test Loss: 0.06206 | Time: 82.62s
EarlyStopping counter: 6 out of 10
Updating learning rate to 3.486784401000001e-05
Epoch: 14 | Train Loss: 0.00085 Vali Loss: 0.00018 Test Loss: 0.06323 | Time: 82.35s
EarlyStopping counter: 7 out of 10
Updating learning rate to 3.138105960900001e-05
Epoch: 15 | Train Loss: 0.00082 Vali Loss: 0.00018 Test Loss: 0.06452 | Time: 82.32s
EarlyStopping counter: 8 out of 10
Updating learning rate to 2.824295364810001e-05
Epoch: 16 | Train Loss: 0.00080 Vali Loss: 0.00018 Test Loss: 0.06419 | Time: 81.68s
EarlyStopping counter: 9 out of 10
Updating learning rate to 2.541865828329001e-05
Epoch: 17 | Train Loss: 0.00081 Vali Loss: 0.00018 Test Loss: 0.06531 | Time: 81.28s
Validation loss decreased (0.000180 --> 0.000180).  Saving model ...
Updating learning rate to 2.287679245496101e-05
Epoch: 18 | Train Loss: 0.00079 Vali Loss: 0.00018 Test Loss: 0.06781 | Time: 81.38s
EarlyStopping counter: 1 out of 10
Updating learning rate to 2.0589113209464907e-05
Epoch: 19 | Train Loss: 0.00078 Vali Loss: 0.00018 Test Loss: 0.06837 | Time: 80.75s
EarlyStopping counter: 2 out of 10
Updating learning rate to 1.8530201888518416e-05
Epoch: 20 | Train Loss: 0.00078 Vali Loss: 0.00018 Test Loss: 0.06533 | Time: 80.06s
EarlyStopping counter: 3 out of 10
Updating learning rate to 1.6677181699666577e-05
Epoch: 21 | Train Loss: 0.00076 Vali Loss: 0.00018 Test Loss: 0.06914 | Time: 79.89s
EarlyStopping counter: 4 out of 10
Updating learning rate to 1.5009463529699919e-05
Epoch: 22 | Train Loss: 0.00075 Vali Loss: 0.00018 Test Loss: 0.06653 | Time: 79.05s
EarlyStopping counter: 5 out of 10
Updating learning rate to 1.3508517176729929e-05
Epoch: 23 | Train Loss: 0.00075 Vali Loss: 0.00018 Test Loss: 0.06746 | Time: 80.25s
EarlyStopping counter: 6 out of 10
Updating learning rate to 1.2157665459056936e-05
Epoch: 24 | Train Loss: 0.00075 Vali Loss: 0.00018 Test Loss: 0.06590 | Time: 80.15s
EarlyStopping counter: 7 out of 10
Updating learning rate to 1.0941898913151242e-05
Epoch: 25 | Train Loss: 0.00075 Vali Loss: 0.00018 Test Loss: 0.06725 | Time: 80.12s
EarlyStopping counter: 8 out of 10
Updating learning rate to 9.847709021836118e-06
Epoch: 26 | Train Loss: 0.00074 Vali Loss: 0.00018 Test Loss: 0.06653 | Time: 80.50s
EarlyStopping counter: 9 out of 10
Updating learning rate to 8.862938119652508e-06
Epoch: 27 | Train Loss: 0.00074 Vali Loss: 0.00018 Test Loss: 0.06737 | Time: 82.26s
EarlyStopping counter: 10 out of 10
Early stopping
Training complete. Evaluating on test set...
Final Test Metrics for AdaPatch (H=3): MSE=0.06547, MAE=0.06331, R2=0.99666
