Using device: cuda:0
Loading datasets...
Initializing GCFormer for horizon 3...
Starting global training...
Kernel norm: 52.65848922729492
Kernel size: torch.Size([16, 6, 256])
Epoch: 1 | Train Loss: 0.00017 Vali Loss: 0.00025 Test Loss: 0.07985 | Time: 350.48s
Validation loss decreased (inf --> 0.000253).  Saving model ...
Updating learning rate to 0.0001
Epoch: 2 | Train Loss: 0.00014 Vali Loss: 0.00024 Test Loss: 0.07539 | Time: 350.91s
Validation loss decreased (0.000253 --> 0.000243).  Saving model ...
Updating learning rate to 0.0001
Epoch: 3 | Train Loss: 0.00014 Vali Loss: 0.00023 Test Loss: 0.07065 | Time: 350.33s
Validation loss decreased (0.000243 --> 0.000229).  Saving model ...
Updating learning rate to 0.0001
Epoch: 4 | Train Loss: 0.00014 Vali Loss: 0.00032 Test Loss: 0.10996 | Time: 349.76s
EarlyStopping counter: 1 out of 10
Updating learning rate to 9e-05
Epoch: 5 | Train Loss: 0.00015 Vali Loss: 0.00024 Test Loss: 0.09472 | Time: 349.80s
EarlyStopping counter: 2 out of 10
Updating learning rate to 8.1e-05
Epoch: 6 | Train Loss: 0.00018 Vali Loss: 0.00027 Test Loss: 0.09959 | Time: 350.16s
EarlyStopping counter: 3 out of 10
Updating learning rate to 7.290000000000001e-05
Epoch: 7 | Train Loss: 0.00018 Vali Loss: 0.00027 Test Loss: 0.07952 | Time: 350.97s
EarlyStopping counter: 4 out of 10
Updating learning rate to 6.561e-05
Epoch: 8 | Train Loss: 0.00016 Vali Loss: 0.00024 Test Loss: 0.06905 | Time: 349.54s
EarlyStopping counter: 5 out of 10
Updating learning rate to 5.904900000000001e-05
Epoch: 9 | Train Loss: 0.00015 Vali Loss: 0.00023 Test Loss: 0.06621 | Time: 348.88s
EarlyStopping counter: 6 out of 10
Updating learning rate to 5.3144100000000005e-05
Epoch: 10 | Train Loss: 0.00015 Vali Loss: 0.00022 Test Loss: 0.06426 | Time: 349.45s
Validation loss decreased (0.000229 --> 0.000219).  Saving model ...
Updating learning rate to 4.782969000000001e-05
Epoch: 11 | Train Loss: 0.00014 Vali Loss: 0.00022 Test Loss: 0.06655 | Time: 348.95s
EarlyStopping counter: 1 out of 10
Updating learning rate to 4.304672100000001e-05
Epoch: 12 | Train Loss: 0.00014 Vali Loss: 0.00022 Test Loss: 0.06367 | Time: 349.29s
Validation loss decreased (0.000219 --> 0.000219).  Saving model ...
Updating learning rate to 3.874204890000001e-05
Epoch: 13 | Train Loss: 0.00014 Vali Loss: 0.00021 Test Loss: 0.06233 | Time: 349.78s
Validation loss decreased (0.000219 --> 0.000213).  Saving model ...
Updating learning rate to 3.486784401000001e-05
Epoch: 14 | Train Loss: 0.00014 Vali Loss: 0.00021 Test Loss: 0.06133 | Time: 350.80s
Validation loss decreased (0.000213 --> 0.000209).  Saving model ...
Updating learning rate to 3.138105960900001e-05
Epoch: 15 | Train Loss: 0.00014 Vali Loss: 0.00021 Test Loss: 0.06128 | Time: 350.84s
Validation loss decreased (0.000209 --> 0.000207).  Saving model ...
Updating learning rate to 2.824295364810001e-05
Epoch: 16 | Train Loss: 0.00014 Vali Loss: 0.00021 Test Loss: 0.06085 | Time: 351.42s
Validation loss decreased (0.000207 --> 0.000206).  Saving model ...
Updating learning rate to 2.541865828329001e-05
Epoch: 17 | Train Loss: 0.00014 Vali Loss: 0.00020 Test Loss: 0.06084 | Time: 348.95s
Validation loss decreased (0.000206 --> 0.000204).  Saving model ...
Updating learning rate to 2.287679245496101e-05
Epoch: 18 | Train Loss: 0.00014 Vali Loss: 0.00020 Test Loss: 0.06030 | Time: 349.01s
Validation loss decreased (0.000204 --> 0.000204).  Saving model ...
Updating learning rate to 2.0589113209464907e-05
Epoch: 19 | Train Loss: 0.00014 Vali Loss: 0.00020 Test Loss: 0.06050 | Time: 349.42s
Validation loss decreased (0.000204 --> 0.000204).  Saving model ...
Updating learning rate to 1.8530201888518416e-05
Epoch: 20 | Train Loss: 0.00013 Vali Loss: 0.00020 Test Loss: 0.05998 | Time: 348.71s
Validation loss decreased (0.000204 --> 0.000204).  Saving model ...
Updating learning rate to 1.6677181699666577e-05
Epoch: 21 | Train Loss: 0.00013 Vali Loss: 0.00020 Test Loss: 0.05991 | Time: 348.83s
Validation loss decreased (0.000204 --> 0.000203).  Saving model ...
Updating learning rate to 1.5009463529699919e-05
Epoch: 22 | Train Loss: 0.00013 Vali Loss: 0.00020 Test Loss: 0.05979 | Time: 350.32s
EarlyStopping counter: 1 out of 10
Updating learning rate to 1.3508517176729929e-05
Epoch: 23 | Train Loss: 0.00013 Vali Loss: 0.00020 Test Loss: 0.05973 | Time: 349.70s
Validation loss decreased (0.000203 --> 0.000203).  Saving model ...
Updating learning rate to 1.2157665459056936e-05
Epoch: 24 | Train Loss: 0.00013 Vali Loss: 0.00020 Test Loss: 0.05953 | Time: 350.85s
Validation loss decreased (0.000203 --> 0.000202).  Saving model ...
Updating learning rate to 1.0941898913151242e-05
Epoch: 25 | Train Loss: 0.00013 Vali Loss: 0.00020 Test Loss: 0.05963 | Time: 349.99s
Validation loss decreased (0.000202 --> 0.000202).  Saving model ...
Updating learning rate to 9.847709021836118e-06
Epoch: 26 | Train Loss: 0.00013 Vali Loss: 0.00020 Test Loss: 0.05971 | Time: 349.53s
Validation loss decreased (0.000202 --> 0.000202).  Saving model ...
Updating learning rate to 8.862938119652508e-06
Epoch: 27 | Train Loss: 0.00013 Vali Loss: 0.00020 Test Loss: 0.05952 | Time: 349.57s
Validation loss decreased (0.000202 --> 0.000202).  Saving model ...
Updating learning rate to 7.976644307687255e-06
Epoch: 28 | Train Loss: 0.00013 Vali Loss: 0.00020 Test Loss: 0.05959 | Time: 348.19s
Validation loss decreased (0.000202 --> 0.000202).  Saving model ...
Updating learning rate to 7.178979876918531e-06
Epoch: 29 | Train Loss: 0.00013 Vali Loss: 0.00020 Test Loss: 0.05961 | Time: 349.40s
Validation loss decreased (0.000202 --> 0.000201).  Saving model ...
Updating learning rate to 6.4610818892266776e-06
Epoch: 30 | Train Loss: 0.00013 Vali Loss: 0.00020 Test Loss: 0.05961 | Time: 350.42s
Validation loss decreased (0.000201 --> 0.000201).  Saving model ...
Updating learning rate to 5.8149737003040096e-06
Training complete. Evaluating on test set...
Final Test Metrics for GCFormer (H=3): MSE=0.05975, MAE=0.05563, R2=0.99695
